<?xml version="1.0" encoding="UTF-8"?>
<!-- Generated by org.testng.reporters.JUnitXMLReporter -->
<testsuite hostname="DESKTOP-G6K676G" ignored="0" name="Surefire test" tests="4" failures="0" timestamp="26 Mar 2019 06:39:40 GMT" time="53.803" errors="0">
  <testcase name="runCukes" time="4.005" classname="com.github.mkolisnyk.cucumber.runner.ExtendedTestNGRunner"/>
  <testcase name="runScenario" time="15.592" classname="cucumber.api.testng.AbstractTestNGCucumberTests"/>
  <testcase name="runScenario" time="10.85" classname="cucumber.api.testng.AbstractTestNGCucumberTests"/>
  <testcase name="runCukes" time="22.429" classname="com.github.mkolisnyk.cucumber.runner.ExtendedTestNGRunner"/>
</testsuite> <!-- Surefire test -->
