<?xml version="1.0" encoding="UTF-8"?>
<!-- Generated by org.testng.reporters.JUnitXMLReporter -->
<testsuite hostname="DESKTOP-G6K676G" ignored="0" name="Command line test" tests="3" failures="0" timestamp="25 Mar 2019 01:51:28 GMT" time="35.397" errors="0">
  <testcase name="runScenario" time="13.183" classname="cucumber.api.testng.AbstractTestNGCucumberTests"/>
  <testcase name="runScenario" time="6.879" classname="cucumber.api.testng.AbstractTestNGCucumberTests"/>
  <testcase name="runCukes" time="14.706" classname="com.github.mkolisnyk.cucumber.runner.ExtendedTestNGRunner"/>
</testsuite> <!-- Command line test -->
