<?xml version="1.0" encoding="UTF-8"?>
<testsuite xmlns:xsi="http://www.w3.org/2001/XMLSchema-instance" xsi:noNamespaceSchemaLocation="https://maven.apache.org/surefire/maven-surefire-plugin/xsd/surefire-test-report.xsd" name="cucumberWebTest.stepDefinitions.frontend.RunWebTest" time="47.879" tests="3" errors="0" skipped="0" failures="0">
  <properties>
[...]
</properties>
  <testcase name="runScenario" classname="cucumberWebTest.stepDefinitions.frontend.RunWebTest" time="15.208"/>
  <testcase name="runScenario" classname="cucumberWebTest.stepDefinitions.frontend.RunWebTest" time="7.351"/>
  <testcase name="runCukes" classname="cucumberWebTest.stepDefinitions.frontend.RunWebTest" time="23.965"/>
</testsuite>