<?xml version="1.0" encoding="UTF-8"?>
<testng-results skipped="0" failed="0" ignored="0" total="4" passed="4">
  <reporter-output>
    <line>
      <![CDATA[<div "featureFile">Feature File: C:&#x2F;Users&#x2F;Kostadin Mladenov&#x2F;Documents&#x2F;Coding&#x2F;IntelliJ Projects&#x2F;onlineStore&#x2F;src&#x2F;test&#x2F;resources&#x2F;features&#x2F;frontend&#x2F;loginTest.feature</div>]]>
    </line>
    <line>
      <![CDATA[<div "featureFile">Feature File: C:&#x2F;Users&#x2F;Kostadin Mladenov&#x2F;Documents&#x2F;Coding&#x2F;IntelliJ Projects&#x2F;onlineStore&#x2F;src&#x2F;test&#x2F;resources&#x2F;features&#x2F;frontend&#x2F;newRegistration.feature</div>]]>
    </line>
    <line>
      <![CDATA[<div "result">User navigates to Home Page using chrome (PASSED : 9s)</div>]]>
    </line>
    <line>
      <![CDATA[<div "result">User enters UserName (PASSED : 0s)</div>]]>
    </line>
    <line>
      <![CDATA[<div "result">User enters Password (PASSED : 2s)</div>]]>
    </line>
    <line>
      <![CDATA[<div "result">Message displayed Login Successfully (PASSED : 0s)</div>]]>
    </line>
    <line>
      <![CDATA[<div "result">User is logged in (PASSED : 0s)</div>]]>
    </line>
    <line>
      <![CDATA[<div "result">User LogOut from the Application (PASSED : 8s)</div>]]>
    </line>
    <line>
      <![CDATA[<div "result">Message displayed LogOut Successfully (PASSED : 2s)</div>]]>
    </line>
    <line>
      <![CDATA[<div "featureFile">Feature File: C:&#x2F;Users&#x2F;Kostadin Mladenov&#x2F;Documents&#x2F;Coding&#x2F;IntelliJ Projects&#x2F;onlineStore&#x2F;src&#x2F;test&#x2F;resources&#x2F;features&#x2F;frontend&#x2F;loginTest.feature</div>]]>
    </line>
    <line>
      <![CDATA[<div "result">User navigates to Home Page using chrome (PASSED : 8s)</div>]]>
    </line>
    <line>
      <![CDATA[<div "result">User enters UserName (PASSED : 0s)</div>]]>
    </line>
    <line>
      <![CDATA[<div "result">User enters Password (PASSED : 2s)</div>]]>
    </line>
    <line>
      <![CDATA[<div "result">Message displayed Login Successfully (PASSED : 0s)</div>]]>
    </line>
    <line>
      <![CDATA[<div "result">User is logged in (PASSED : 0s)</div>]]>
    </line>
    <line>
      <![CDATA[<div "result">User LogOut from the Application (PASSED : 5s)</div>]]>
    </line>
    <line>
      <![CDATA[<div "result">Message displayed LogOut Successfully (PASSED : 0s)</div>]]>
    </line>
    <line>
      <![CDATA[<div "featureFile">Feature File: C:&#x2F;Users&#x2F;Kostadin Mladenov&#x2F;Documents&#x2F;Coding&#x2F;IntelliJ Projects&#x2F;onlineStore&#x2F;src&#x2F;test&#x2F;resources&#x2F;features&#x2F;frontend&#x2F;newRegistration.feature</div>]]>
    </line>
  </reporter-output>
  <suite name="Surefire suite" duration-ms="53803" started-at="2019-03-26T06:38:46Z" finished-at="2019-03-26T06:39:40Z">
    <groups>
      <group name="cucumber">
        <method signature="AbstractTestNGCucumberTests.runScenario(cucumber.api.testng.PickleEventWrapper, cucumber.api.testng.CucumberFeatureWrapper)[pri:0, instance:cucumberWebTest.stepDefinitions.api.RunApiTest@210366b4]" name="runScenario" class="cucumber.api.testng.AbstractTestNGCucumberTests"/>
        <method signature="AbstractTestNGCucumberTests.runScenario(cucumber.api.testng.PickleEventWrapper, cucumber.api.testng.CucumberFeatureWrapper)[pri:0, instance:cucumberWebTest.stepDefinitions.frontend.RunWebTest@eec5a4a]" name="runScenario" class="cucumber.api.testng.AbstractTestNGCucumberTests"/>
        <method signature="ExtendedTestNGRunner.runCukes()[pri:0, instance:cucumberWebTest.stepDefinitions.api.RunApiTest@210366b4]" name="runCukes" class="com.github.mkolisnyk.cucumber.runner.ExtendedTestNGRunner"/>
        <method signature="ExtendedTestNGRunner.runCukes()[pri:0, instance:cucumberWebTest.stepDefinitions.frontend.RunWebTest@eec5a4a]" name="runCukes" class="com.github.mkolisnyk.cucumber.runner.ExtendedTestNGRunner"/>
      </group> <!-- cucumber -->
    </groups>
    <test name="Surefire test" duration-ms="53803" started-at="2019-03-26T06:38:46Z" finished-at="2019-03-26T06:39:40Z">
      <class name="cucumberWebTest.stepDefinitions.api.RunApiTest">
        <test-method status="PASS" signature="setUpClass()[pri:0, instance:cucumberWebTest.stepDefinitions.api.RunApiTest@210366b4]" name="setUpClass" is-config="true" duration-ms="405" started-at="2019-03-25T23:38:46Z" finished-at="2019-03-25T23:38:47Z">
          <reporter-output>
          </reporter-output>
        </test-method> <!-- setUpClass -->
        <test-method status="PASS" signature="runCukes()[pri:0, instance:cucumberWebTest.stepDefinitions.api.RunApiTest@210366b4]" name="runCukes" duration-ms="4005" started-at="2019-03-25T23:38:47Z" description="Runs Cucumber Features" finished-at="2019-03-25T23:38:51Z">
          <reporter-output>
            <line>
              <![CDATA[<div "featureFile">Feature File: C:&#x2F;Users&#x2F;Kostadin Mladenov&#x2F;Documents&#x2F;Coding&#x2F;IntelliJ Projects&#x2F;onlineStore&#x2F;src&#x2F;test&#x2F;resources&#x2F;features&#x2F;frontend&#x2F;loginTest.feature</div>]]>
            </line>
            <line>
              <![CDATA[<div "featureFile">Feature File: C:&#x2F;Users&#x2F;Kostadin Mladenov&#x2F;Documents&#x2F;Coding&#x2F;IntelliJ Projects&#x2F;onlineStore&#x2F;src&#x2F;test&#x2F;resources&#x2F;features&#x2F;frontend&#x2F;newRegistration.feature</div>]]>
            </line>
          </reporter-output>
        </test-method> <!-- runCukes -->
        <test-method status="PASS" signature="tearDownClass()[pri:0, instance:cucumberWebTest.stepDefinitions.api.RunApiTest@210366b4]" name="tearDownClass" is-config="true" duration-ms="16" started-at="2019-03-25T23:38:51Z" finished-at="2019-03-25T23:38:51Z">
          <reporter-output>
          </reporter-output>
        </test-method> <!-- tearDownClass -->
      </class> <!-- cucumberWebTest.stepDefinitions.api.RunApiTest -->
      <class name="cucumberWebTest.stepDefinitions.frontend.RunWebTest">
        <test-method status="PASS" signature="setUpClass()[pri:0, instance:cucumberWebTest.stepDefinitions.frontend.RunWebTest@eec5a4a]" name="setUpClass" is-config="true" duration-ms="96" started-at="2019-03-25T23:38:51Z" finished-at="2019-03-25T23:38:51Z">
          <reporter-output>
          </reporter-output>
        </test-method> <!-- setUpClass -->
        <test-method status="PASS" signature="runScenario(cucumber.api.testng.PickleEventWrapper, cucumber.api.testng.CucumberFeatureWrapper)[pri:0, instance:cucumberWebTest.stepDefinitions.frontend.RunWebTest@eec5a4a]" name="runScenario" duration-ms="15592" started-at="2019-03-25T23:38:51Z" description="Runs Cucumber Scenarios" data-provider="scenarios" finished-at="2019-03-25T23:39:07Z">
          <params>
            <param index="0">
              <value>
                <![CDATA["Login with Valid Credentials"]]>
              </value>
            </param>
            <param index="1">
              <value>
                <![CDATA["Login Action"]]>
              </value>
            </param>
          </params>
          <reporter-output>
            <line>
              <![CDATA[<div "result">User navigates to Home Page using chrome (PASSED : 9s)</div>]]>
            </line>
            <line>
              <![CDATA[<div "result">User enters UserName (PASSED : 0s)</div>]]>
            </line>
            <line>
              <![CDATA[<div "result">User enters Password (PASSED : 2s)</div>]]>
            </line>
            <line>
              <![CDATA[<div "result">Message displayed Login Successfully (PASSED : 0s)</div>]]>
            </line>
          </reporter-output>
        </test-method> <!-- runScenario -->
        <test-method status="PASS" signature="runScenario(cucumber.api.testng.PickleEventWrapper, cucumber.api.testng.CucumberFeatureWrapper)[pri:0, instance:cucumberWebTest.stepDefinitions.frontend.RunWebTest@eec5a4a]" name="runScenario" duration-ms="10850" started-at="2019-03-25T23:39:07Z" description="Runs Cucumber Scenarios" data-provider="scenarios" finished-at="2019-03-25T23:39:18Z">
          <params>
            <param index="0">
              <value>
                <![CDATA["LogOut"]]>
              </value>
            </param>
            <param index="1">
              <value>
                <![CDATA["Login Action"]]>
              </value>
            </param>
          </params>
          <reporter-output>
            <line>
              <![CDATA[<div "result">User is logged in (PASSED : 0s)</div>]]>
            </line>
            <line>
              <![CDATA[<div "result">User LogOut from the Application (PASSED : 8s)</div>]]>
            </line>
            <line>
              <![CDATA[<div "result">Message displayed LogOut Successfully (PASSED : 2s)</div>]]>
            </line>
          </reporter-output>
        </test-method> <!-- runScenario -->
        <test-method status="PASS" signature="runCukes()[pri:0, instance:cucumberWebTest.stepDefinitions.frontend.RunWebTest@eec5a4a]" name="runCukes" duration-ms="22429" started-at="2019-03-25T23:39:18Z" description="Runs Cucumber Features" finished-at="2019-03-25T23:39:40Z">
          <reporter-output>
            <line>
              <![CDATA[<div "featureFile">Feature File: C:&#x2F;Users&#x2F;Kostadin Mladenov&#x2F;Documents&#x2F;Coding&#x2F;IntelliJ Projects&#x2F;onlineStore&#x2F;src&#x2F;test&#x2F;resources&#x2F;features&#x2F;frontend&#x2F;loginTest.feature</div>]]>
            </line>
            <line>
              <![CDATA[<div "result">User navigates to Home Page using chrome (PASSED : 8s)</div>]]>
            </line>
            <line>
              <![CDATA[<div "result">User enters UserName (PASSED : 0s)</div>]]>
            </line>
            <line>
              <![CDATA[<div "result">User enters Password (PASSED : 2s)</div>]]>
            </line>
            <line>
              <![CDATA[<div "result">Message displayed Login Successfully (PASSED : 0s)</div>]]>
            </line>
            <line>
              <![CDATA[<div "result">User is logged in (PASSED : 0s)</div>]]>
            </line>
            <line>
              <![CDATA[<div "result">User LogOut from the Application (PASSED : 5s)</div>]]>
            </line>
            <line>
              <![CDATA[<div "result">Message displayed LogOut Successfully (PASSED : 0s)</div>]]>
            </line>
            <line>
              <![CDATA[<div "featureFile">Feature File: C:&#x2F;Users&#x2F;Kostadin Mladenov&#x2F;Documents&#x2F;Coding&#x2F;IntelliJ Projects&#x2F;onlineStore&#x2F;src&#x2F;test&#x2F;resources&#x2F;features&#x2F;frontend&#x2F;newRegistration.feature</div>]]>
            </line>
          </reporter-output>
        </test-method> <!-- runCukes -->
        <test-method status="PASS" signature="tearDownClass()[pri:0, instance:cucumberWebTest.stepDefinitions.frontend.RunWebTest@eec5a4a]" name="tearDownClass" is-config="true" duration-ms="85" started-at="2019-03-25T23:39:40Z" finished-at="2019-03-25T23:39:40Z">
          <reporter-output>
          </reporter-output>
        </test-method> <!-- tearDownClass -->
      </class> <!-- cucumberWebTest.stepDefinitions.frontend.RunWebTest -->
    </test> <!-- Surefire test -->
  </suite> <!-- Surefire suite -->
</testng-results>
