<?xml version="1.0" encoding="UTF-8"?><testsuite failures="0" name="cucumber.runtime.formatter.JUnitFormatter" skipped="0" tests="2" time="12.756776">
<testcase classname="Login Action" name="Login with Valid Credentials" time="10.835098">
<system-out><![CDATA[Given User navigates to Home Page using chrome..............................passed
When User enters UserName...................................................passed
And User enters Password....................................................passed
Then Validate username Kostadin Mladenov is displayed.......................passed
]]></system-out>
</testcase>
<testcase classname="Login Action" name="LogOut" time="1.921678">
<system-out><![CDATA[Given User is logged in as Kostadin Mladenov................................passed
When User LogOut from the Application.......................................passed
Then Message displayed LogOut Successfully..................................passed
]]></system-out>
</testcase>
</testsuite>
